0 info it worked if it ends with ok
1 verbose cli [ 'C:\\Program Files (x86)\\nodejs\\node.exe',
1 verbose cli   'C:\\Users\\JRAFFT\\AppData\\Roaming\\npm\\node_modules\\npm\\bin\\npm-cli.js',
1 verbose cli   'start' ]
2 info using npm@3.10.6
3 info using node@v6.5.0
4 verbose run-script [ 'prestart', 'start', 'poststart' ]
5 info lifecycle recspec-nodeserver@0.0.1~prestart: recspec-nodeserver@0.0.1
6 verbose lifecycle recspec-nodeserver@0.0.1~prestart: unsafe-perm in lifecycle true
7 verbose lifecycle recspec-nodeserver@0.0.1~prestart: PATH: C:\Users\JRAFFT\AppData\Roaming\npm\node_modules\npm\bin\node-gyp-bin;C:\Projekte\RecruitmentSpecialist\node_modules\.bin;C:\Windows\system32;C:\Windows;C:\Windows\System32\Wbem;C:\Windows\System32\WindowsPowerShell\v1.0\;%USERPROFILE%\.dnx\bin;C:\Program Files\Microsoft DNX\Dnvm\;C:\Program Files\Microsoft SQL Server\120\Tools\Binn\;C:\Program Files\Microsoft SQL Server\130\Tools\Binn\;C:\Program Files\Git\cmd;C:\Program Files (x86)\GitExtensions\;C:\Program Files (x86)\nodejs\;C:\Users\JRAFFT\AppData\Local\Microsoft\WindowsApps;C:\Users\JRAFFT\AppData\Roaming\npm
8 verbose lifecycle recspec-nodeserver@0.0.1~prestart: CWD: C:\Projekte\RecruitmentSpecialist
9 silly lifecycle recspec-nodeserver@0.0.1~prestart: Args: [ '/d /s /c', 'npm run build' ]
10 silly lifecycle recspec-nodeserver@0.0.1~prestart: Returned: code: 1  signal: null
11 info lifecycle recspec-nodeserver@0.0.1~prestart: Failed to exec prestart script
12 verbose stack Error: recspec-nodeserver@0.0.1 prestart: `npm run build`
12 verbose stack Exit status 1
12 verbose stack     at EventEmitter.<anonymous> (C:\Users\JRAFFT\AppData\Roaming\npm\node_modules\npm\lib\utils\lifecycle.js:255:16)
12 verbose stack     at emitTwo (events.js:106:13)
12 verbose stack     at EventEmitter.emit (events.js:191:7)
12 verbose stack     at ChildProcess.<anonymous> (C:\Users\JRAFFT\AppData\Roaming\npm\node_modules\npm\lib\utils\spawn.js:40:14)
12 verbose stack     at emitTwo (events.js:106:13)
12 verbose stack     at ChildProcess.emit (events.js:191:7)
12 verbose stack     at maybeClose (internal/child_process.js:877:16)
12 verbose stack     at Process.ChildProcess._handle.onexit (internal/child_process.js:226:5)
13 verbose pkgid recspec-nodeserver@0.0.1
14 verbose cwd C:\Projekte\RecruitmentSpecialist
15 error Windows_NT 10.0.14393
16 error argv "C:\\Program Files (x86)\\nodejs\\node.exe" "C:\\Users\\JRAFFT\\AppData\\Roaming\\npm\\node_modules\\npm\\bin\\npm-cli.js" "start"
17 error node v6.5.0
18 error npm  v3.10.6
19 error code ELIFECYCLE
20 error recspec-nodeserver@0.0.1 prestart: `npm run build`
20 error Exit status 1
21 error Failed at the recspec-nodeserver@0.0.1 prestart script 'npm run build'.
21 error Make sure you have the latest version of node.js and npm installed.
21 error If you do, this is most likely a problem with the recspec-nodeserver package,
21 error not with npm itself.
21 error Tell the author that this fails on your system:
21 error     npm run build
21 error You can get information on how to open an issue for this project with:
21 error     npm bugs recspec-nodeserver
21 error Or if that isn't available, you can get their info via:
21 error     npm owner ls recspec-nodeserver
21 error There is likely additional logging output above.
22 verbose exit [ 1, true ]
